<?xml version="1.0" encoding="UTF-8"?>
<testsuite xmlns:xsi="http://www.w3.org/2001/XMLSchema-instance" xsi:noNamespaceSchemaLocation="https://maven.apache.org/surefire/maven-surefire-plugin/xsd/surefire-test-report.xsd" version="3.0.2" name="examples.RunVarSpecsTest" time="0.023" tests="16" errors="0" skipped="0" failures="0">
  <properties>
[...]
</properties>
  <testcase name="3, 3, 3, 4, 4 / full house / 17" classname="yahtzee.md" time="0.007"/>
  <testcase name="3, 3, 3, 4, 4 / threes / 9" classname="yahtzee.md" time="0.003"/>
  <testcase name="3, 3, 3, 4, 4 / fours / 8" classname="yahtzee.md" time="0.0"/>
  <testcase name="3, 3, 3, 3, 3 / full house / 0" classname="yahtzee.md" time="0.0"/>
  <testcase name="3, 3, 3, 3, 3 / Yahtzee / 50" classname="yahtzee.md" time="0.001"/>
  <testcase name="1, 2, 3, 4, 5 / small straight / 15" classname="yahtzee.md" time="0.0"/>
  <testcase name="2, 3, 4, 5, 6 / large straight / 20" classname="yahtzee.md" time="0.0"/>
  <testcase name="1, 1, 2, 4, 4 / pair / 8" classname="yahtzee.md" time="0.002"/>
  <testcase name="2, 3, 3, 4, 4 / two pairs / 14" classname="yahtzee.md" time="0.0"/>
  <testcase name="1, 1, 1, 4, 5 / three of a kind / 3" classname="yahtzee.md" time="0.001"/>
  <testcase name="6, 6, 6, 6, 2 / four of a kind / 24" classname="yahtzee.md" time="0.0"/>
  <testcase name="1, 2, 3, 4, 5 / chance / 15" classname="yahtzee.md" time="0.0"/>
  <testcase name="Uppercase each one:" classname="tables-and-docstrings.md" time="0.001"/>
  <testcase name="Greet Bob:" classname="tables-and-docstrings.md" time="0.002"/>
  <testcase name="First I greet &quot;world&quot; okay? I think the greeting should be &quot;Hello, world!&quot;" classname="hello-var.md" time="0.001"/>
  <testcase name="The expression `1+1` should evaluate to `2`" classname="hello-var.md" time="0.0"/>
</testsuite>